<?xml version="1.0" encoding="UTF-8"?>
<!-- Generated by org.testng.reporters.JUnitXMLReporter -->
<testsuite hostname="ncias-q1615-v" name="TestLibraryLoggedIn" tests="4" failures="4" timestamp="31 Jan 2018 21:03:54 GMT" time="173.387" errors="0">
  <testcase name="ICRP_Admin_User_Able_To_Archive_Library_File" time="54.442" classname="gov.nih.nci.TestLibraryLoggedIn">
    <failure type="java.lang.AssertionError" message="ERROR: Error Launching the Web site">
      <![CDATA[java.lang.AssertionError: ERROR: Error Launching the Web site
	at org.junit.Assert.fail(Assert.java:88)
	at gov.nih.nci.HelperMethods.BaseMethods.launchSite(BaseMethods.java:90)
	at gov.nih.nci.TestLibraryLoggedIn.ICRP_Admin_User_Able_To_Archive_Library_File(TestLibraryLoggedIn.java:94)
	at java.util.concurrent.FutureTask.run(FutureTask.java:262)
	at java.util.concurrent.ThreadPoolExecutor.runWorker(ThreadPoolExecutor.java:1145)
	at java.util.concurrent.ThreadPoolExecutor$Worker.run(ThreadPoolExecutor.java:615)
	at java.lang.Thread.run(Thread.java:745)
... Removed 16 stack frames]]>
    </failure>
  </testcase> <!-- ICRP_Admin_User_Able_To_Archive_Library_File -->
  <testcase name="ICRP_Admin_User_Able_To_Edit_Library_File" time="42.201" classname="gov.nih.nci.TestLibraryLoggedIn">
    <failure type="java.lang.AssertionError" message="Search result verifications failed. System unable to display : &amp;apos;Library&amp;apos; search results">
      <![CDATA[java.lang.AssertionError: Search result verifications failed. System unable to display : 'Library' search results
	at org.junit.Assert.fail(Assert.java:88)
	at gov.nih.nci.HelperMethods.BaseMethods.expected_vs_actual_verification(BaseMethods.java:1685)
	at gov.nih.nci.TestLibraryLoggedIn.ICRP_Admin_User_Able_To_Edit_Library_File(TestLibraryLoggedIn.java:166)
	at java.util.concurrent.FutureTask.run(FutureTask.java:262)
	at java.util.concurrent.ThreadPoolExecutor.runWorker(ThreadPoolExecutor.java:1145)
	at java.util.concurrent.ThreadPoolExecutor$Worker.run(ThreadPoolExecutor.java:615)
	at java.lang.Thread.run(Thread.java:745)
... Removed 16 stack frames]]>
    </failure>
  </testcase> <!-- ICRP_Admin_User_Able_To_Edit_Library_File -->
  <testcase name="ICRP_Partner_User_Able_To_Access_Library_Page" time="44.792" classname="gov.nih.nci.TestLibraryLoggedIn">
    <failure type="java.lang.NullPointerException">
      <![CDATA[java.lang.NullPointerException
	at gov.nih.nci.HelperMethods.pdfGenerator.saveImageFiles(pdfGenerator.java:302)
	at gov.nih.nci.HelperMethods.BaseTestMethods.setupAfterSuite(BaseTestMethods.java:155)
	at gov.nih.nci.TestLibraryLoggedIn.ICRP_Partner_User_Able_To_Access_Library_Page(TestLibraryLoggedIn.java:254)
	at java.util.concurrent.FutureTask.run(FutureTask.java:262)
	at java.util.concurrent.ThreadPoolExecutor.runWorker(ThreadPoolExecutor.java:1145)
	at java.util.concurrent.ThreadPoolExecutor$Worker.run(ThreadPoolExecutor.java:615)
	at java.lang.Thread.run(Thread.java:745)
... Removed 16 stack frames]]>
    </failure>
  </testcase> <!-- ICRP_Partner_User_Able_To_Access_Library_Page -->
  <testcase name="ICRP_Partner_User_Able_To_Upload_New_File" time="31.873" classname="gov.nih.nci.TestLibraryLoggedIn">
    <failure type="java.lang.AssertionError" message="ERROR: Error Launching the Web site">
      <![CDATA[java.lang.AssertionError: ERROR: Error Launching the Web site
	at org.junit.Assert.fail(Assert.java:88)
	at gov.nih.nci.HelperMethods.BaseMethods.launchSite(BaseMethods.java:90)
	at gov.nih.nci.TestLibraryLoggedIn.ICRP_Partner_User_Able_To_Upload_New_File(TestLibraryLoggedIn.java:267)
	at java.util.concurrent.FutureTask.run(FutureTask.java:262)
	at java.util.concurrent.ThreadPoolExecutor.runWorker(ThreadPoolExecutor.java:1145)
	at java.util.concurrent.ThreadPoolExecutor$Worker.run(ThreadPoolExecutor.java:615)
	at java.lang.Thread.run(Thread.java:745)
... Removed 16 stack frames]]>
    </failure>
  </testcase> <!-- ICRP_Partner_User_Able_To_Upload_New_File -->
</testsuite> <!-- TestLibraryLoggedIn -->
